StressApp/app/build/intermediates/manifest_merge_blame_file/debug/manifest-merger-blame-debug-report.txt
1<?xml version="1.0" encoding="utf-8"?>
2<manifest xmlns:android="http://schemas.android.com/apk/res/android"
3    package="com.example.stressapp"
4    android:versionCode="1"
5    android:versionName="1.0" >
6
7    <uses-sdk
8        android:minSdkVersion="26"
8-->src\main\AndroidManifest.xml
9        android:targetSdkVersion="30" />
9-->src\main\AndroidManifest.xml
10
11    <uses-feature
11-->src\main\AndroidManifest.xml:5:5-84
12        android:name="android.hardware.camera"
12-->src\main\AndroidManifest.xml:5:19-57
13        android:required="true" />
13-->src\main\AndroidManifest.xml:5:58-81
14
15    <uses-permission android:name="android.permission.WRITE_EXTERNAL_STORAGE" />
15-->src\main\AndroidManifest.xml:6:5-81
15-->src\main\AndroidManifest.xml:6:22-78
16    <uses-permission android:name="android.permission.READ_EXTERNAL_STORAGE" />
16-->src\main\AndroidManifest.xml:7:5-80
16-->src\main\AndroidManifest.xml:7:22-77
17
18    <application
18-->src\main\AndroidManifest.xml:9:5-62:19
19        android:allowBackup="true"
19-->src\main\AndroidManifest.xml:10:9-35
20        android:appComponentFactory="androidx.core.app.CoreComponentFactory"
20-->[androidx.core:core:1.3.1] AndroidManifest.xml:24:18-86
21        android:debuggable="true"
22        android:extractNativeLibs="false"
23        android:icon="@mipmap/ic_launcher"
23-->src\main\AndroidManifest.xml:11:9-43
24        android:label="@string/app_name"
24-->src\main\AndroidManifest.xml:12:9-41
25        android:roundIcon="@mipmap/ic_launcher_round"
25-->src\main\AndroidManifest.xml:13:9-54
26        android:supportsRtl="true"
26-->src\main\AndroidManifest.xml:14:9-35
27        android:testOnly="true"
28        android:theme="@style/LightPink" >
28-->src\main\AndroidManifest.xml:15:9-41
29        <provider
29-->src\main\AndroidManifest.xml:16:9-24:20
30            android:name="androidx.core.content.FileProvider"
30-->src\main\AndroidManifest.xml:17:13-62
31            android:authorities="com.example.stressapp.fileprovider"
31-->src\main\AndroidManifest.xml:18:13-69
32            android:exported="false"
32-->src\main\AndroidManifest.xml:19:13-37
33            android:grantUriPermissions="true" >
33-->src\main\AndroidManifest.xml:20:13-47
34            <meta-data
34-->src\main\AndroidManifest.xml:21:13-23:54
35                android:name="android.support.FILE_PROVIDER_PATHS"
35-->src\main\AndroidManifest.xml:22:17-67
36                android:resource="@xml/file_paths" />
36-->src\main\AndroidManifest.xml:23:17-51
37        </provider>
38
39        <activity
39-->src\main\AndroidManifest.xml:25:9-27:58
40            android:name="com.example.stressapp.Settings"
40-->src\main\AndroidManifest.xml:26:13-37
41            android:parentActivityName="com.example.stressapp.MainActivity" />
41-->src\main\AndroidManifest.xml:27:13-55
42        <activity
42-->src\main\AndroidManifest.xml:28:9-30:58
43            android:name="com.example.stressapp.InputDataTitle"
43-->src\main\AndroidManifest.xml:29:13-43
44            android:parentActivityName="com.example.stressapp.MainActivity" />
44-->src\main\AndroidManifest.xml:30:13-55
45        <activity
45-->src\main\AndroidManifest.xml:31:9-33:60
46            android:name="com.example.stressapp.InputDataInput"
46-->src\main\AndroidManifest.xml:32:13-43
47            android:parentActivityName="com.example.stressapp.InputDataTitle" />
47-->src\main\AndroidManifest.xml:33:13-57
48        <activity
48-->src\main\AndroidManifest.xml:34:9-36:57
49            android:name="com.example.stressapp.DistractionTitle"
49-->src\main\AndroidManifest.xml:35:13-45
50            android:parentActivityName="com.example.stressapp.MainActivity" />
50-->src\main\AndroidManifest.xml:36:13-55
51        <activity
51-->src\main\AndroidManifest.xml:37:9-39:61
52            android:name="com.example.stressapp.DistractionInput"
52-->src\main\AndroidManifest.xml:38:13-45
53            android:parentActivityName="com.example.stressapp.DistractionTitle" />
53-->src\main\AndroidManifest.xml:39:13-59
54        <activity
54-->src\main\AndroidManifest.xml:40:9-42:57
55            android:name="com.example.stressapp.ProfileTitle"
55-->src\main\AndroidManifest.xml:41:13-41
56            android:parentActivityName="com.example.stressapp.MainActivity" />
56-->src\main\AndroidManifest.xml:42:13-55
57        <activity
57-->src\main\AndroidManifest.xml:43:9-45:57
58            android:name="com.example.stressapp.GraphDataTitle"
58-->src\main\AndroidManifest.xml:44:13-43
59            android:parentActivityName="com.example.stressapp.MainActivity" />
59-->src\main\AndroidManifest.xml:45:13-55
60        <activity
60-->src\main\AndroidManifest.xml:46:9-48:59
61            android:name="com.example.stressapp.GraphDataGraph"
61-->src\main\AndroidManifest.xml:47:13-43
62            android:parentActivityName="com.example.stressapp.GraphDataTitle" />
62-->src\main\AndroidManifest.xml:48:13-57
63        <activity
63-->src\main\AndroidManifest.xml:49:9-51:53
64            android:name="com.example.stressapp.DeveloperArea"
64-->src\main\AndroidManifest.xml:50:13-42
65            android:parentActivityName="com.example.stressapp.Settings" />
65-->src\main\AndroidManifest.xml:51:13-51
66        <activity android:name="com.example.stressapp.MainActivity" >
66-->src\main\AndroidManifest.xml:55:9-61:20
66-->src\main\AndroidManifest.xml:55:19-47
67            <intent-filter>
67-->src\main\AndroidManifest.xml:56:13-60:29
68                <action android:name="android.intent.action.MAIN" />
68-->src\main\AndroidManifest.xml:57:17-69
68-->src\main\AndroidManifest.xml:57:25-66
69
70                <category android:name="android.intent.category.LAUNCHER" />
70-->src\main\AndroidManifest.xml:59:17-77
70-->src\main\AndroidManifest.xml:59:27-74
71            </intent-filter>
72        </activity>
73    </application>
74
75</manifest>